2023-03-04 15:40:52,786 [DEBUG]  Available web server routes: 
/conversations/<conversation_id:path>/messages     POST                           add_message
/conversations/<conversation_id:path>/tracker/events POST                           append_events
/webhooks/rasa                                     GET                            custom_webhook_RasaChatInput.health
/webhooks/rasa/webhook                             POST                           custom_webhook_RasaChatInput.receive
/webhooks/rest                                     GET                            custom_webhook_RestInput.health
/webhooks/rest/webhook                             POST                           custom_webhook_RestInput.receive
/model/test/intents                                POST                           evaluate_intents
/model/test/stories                                POST                           evaluate_stories
/conversations/<conversation_id:path>/execute      POST                           execute_action
/domain                                            GET                            get_domain
/                                                  GET                            hello
/model                                             PUT                            load_model
/model/parse                                       POST                           parse
/conversations/<conversation_id:path>/predict      POST                           predict
/conversations/<conversation_id:path>/tracker/events PUT                            replace_events
/conversations/<conversation_id:path>/story        GET                            retrieve_story
/conversations/<conversation_id:path>/tracker      GET                            retrieve_tracker
/status                                            GET                            status
/model/predict                                     POST                           tracker_predict
/model/train                                       POST                           train
/conversations/<conversation_id:path>/trigger_intent POST                           trigger_intent
/model                                             DELETE                         unload_model
/version                                           GET                            version
2023-03-04 15:40:52,786 [INFO ]  Starting Rasa server on http://0.0.0.0:5005
2023-03-04 15:40:52,787 [DEBUG]  Using the default number of Sanic workers (1).
2023-03-04 15:40:53,372 [DEBUG]  Starting new HTTPS connection (1): api.segment.io:443
2023-03-04 15:40:54,932 [DEBUG]  https://api.segment.io:443 "POST /v1/track HTTP/1.1" 200 21
2023-03-04 15:40:54,968 [DEBUG]  Connected to InMemoryTrackerStore.
2023-03-04 15:40:54,969 [DEBUG]  Connected to lock store 'InMemoryLockStore'.
2023-03-04 15:40:54,969 [DEBUG]  Instantiated NLG to 'TemplatedNaturalLanguageGenerator'.
2023-03-04 15:40:54,969 [INFO ]  Loading model models/20230303-115138-mute-copyright.tar.gz...
2023-03-04 15:40:55,443 [DEBUG]  Extracted model to '/tmp/tmpp71u6ln6'.
2023-03-04 15:40:55,445 [DEBUG]  Node 'nlu_message_converter' loading 'NLUMessageConverter.load' and kwargs: '{}'.
2023-03-04 15:40:55,445 [DEBUG]  Node 'run_WhitespaceTokenizer0' loading 'WhitespaceTokenizer.load' and kwargs: '{}'.
2023-03-04 15:40:55,448 [DEBUG]  Node 'run_RegexFeaturizer1' loading 'RegexFeaturizer.load' and kwargs: '{}'.
2023-03-04 15:40:55,448 [DEBUG]  Resource 'train_RegexFeaturizer1' was requested for reading.
2023-03-04 15:40:55,449 [DEBUG]  Node 'run_LexicalSyntacticFeaturizer2' loading 'LexicalSyntacticFeaturizer.load' and kwargs: '{}'.
2023-03-04 15:40:55,449 [DEBUG]  Resource 'train_LexicalSyntacticFeaturizer2' was requested for reading.
2023-03-04 15:40:55,450 [DEBUG]  Node 'run_CountVectorsFeaturizer3' loading 'CountVectorsFeaturizer.load' and kwargs: '{}'.
2023-03-04 15:40:55,451 [DEBUG]  Resource 'train_CountVectorsFeaturizer3' was requested for reading.
2023-03-04 15:40:55,452 [DEBUG]  Node 'run_CountVectorsFeaturizer4' loading 'CountVectorsFeaturizer.load' and kwargs: '{}'.
2023-03-04 15:40:55,452 [DEBUG]  Resource 'train_CountVectorsFeaturizer4' was requested for reading.
2023-03-04 15:40:55,457 [DEBUG]  Node 'run_DIETClassifier5' loading 'DIETClassifier.load' and kwargs: '{}'.
2023-03-04 15:40:55,458 [DEBUG]  Resource 'train_DIETClassifier5' was requested for reading.
2023-03-04 15:40:55,459 [DEBUG]  Loading the model from /tmp/tmpixro4yun/train_DIETClassifier5/DIETClassifier.tf_model with finetune_mode=False...
2023-03-04 15:40:55,477 [DEBUG]  You specified 'DIET' to train entities, but no entities are present in the training data. Skipping training of entities.
2023-03-04 15:40:55,499 [DEBUG]  Following metrics will be logged during training: 
2023-03-04 15:40:55,500 [DEBUG]    t_loss (total loss)
2023-03-04 15:40:55,500 [DEBUG]    i_acc (intent acc)
2023-03-04 15:40:55,500 [DEBUG]    i_loss (intent loss)
2023-03-04 15:41:03,545 [DEBUG]  Finished loading the model.
2023-03-04 15:41:03,546 [DEBUG]  Node 'run_EntitySynonymMapper6' loading 'EntitySynonymMapper.load' and kwargs: '{}'.
2023-03-04 15:41:03,546 [DEBUG]  Resource 'train_EntitySynonymMapper6' was requested for reading.
2023-03-04 15:41:03,546 [DEBUG]  Failed to load ABCMeta from model storage. Resource 'train_EntitySynonymMapper6' doesn't exist.
2023-03-04 15:41:03,546 [DEBUG]  Node 'run_ResponseSelector7' loading 'ResponseSelector.load' and kwargs: '{}'.
2023-03-04 15:41:03,546 [DEBUG]  Resource 'train_ResponseSelector7' was requested for reading.
2023-03-04 15:41:03,546 [DEBUG]  Failed to load ABCMeta from model storage. Resource 'train_ResponseSelector7' doesn't exist.
2023-03-04 15:41:03,546 [DEBUG]  Resource 'train_ResponseSelector7' was requested for reading.
2023-03-04 15:41:03,547 [DEBUG]  Failed to load ResponseSelector from model storage. Resource 'train_ResponseSelector7' doesn't exist.
2023-03-04 15:41:03,547 [DEBUG]  Node 'run_FallbackClassifier8' loading 'FallbackClassifier.load' and kwargs: '{}'.
2023-03-04 15:41:03,547 [DEBUG]  Node 'run_RegexMessageHandler' loading 'RegexMessageHandler.load' and kwargs: '{}'.
2023-03-04 15:41:03,547 [DEBUG]  Node 'domain_provider' loading 'DomainProvider.load' and kwargs: '{}'.
2023-03-04 15:41:03,547 [DEBUG]  Resource 'domain_provider' was requested for reading.
2023-03-04 15:41:03,623 [DEBUG]  Node 'run_MemoizationPolicy0' loading 'MemoizationPolicy.load' and kwargs: '{}'.
2023-03-04 15:41:03,623 [DEBUG]  Resource 'train_MemoizationPolicy0' was requested for reading.
2023-03-04 15:41:03,623 [DEBUG]  Node 'run_RulePolicy1' loading 'RulePolicy.load' and kwargs: '{}'.
2023-03-04 15:41:03,623 [DEBUG]  Resource 'train_RulePolicy1' was requested for reading.
2023-03-04 15:41:03,624 [DEBUG]  Node 'run_UnexpecTEDIntentPolicy2' loading 'UnexpecTEDIntentPolicy.load' and kwargs: '{}'.
2023-03-04 15:41:03,624 [DEBUG]  Resource 'train_UnexpecTEDIntentPolicy2' was requested for reading.
2023-03-04 15:41:03,626 [DEBUG]  Loading the model from /tmp/tmpixro4yun/train_UnexpecTEDIntentPolicy2/unexpected_intent_policy.tf_model with finetune_mode=False...
2023-03-04 15:41:12,708 [DEBUG]  Finished loading the model.
2023-03-04 15:41:12,709 [WARNI]  The UnexpecTED Intent Policy is currently experimental and might change or be removed in the future 🔬 Please share your feedback on it in the forum (https://forum.rasa.com) to help us make this feature ready for production.
2023-03-04 15:41:12,709 [DEBUG]  Node 'run_TEDPolicy3' loading 'TEDPolicy.load' and kwargs: '{}'.
2023-03-04 15:41:12,709 [DEBUG]  Resource 'train_TEDPolicy3' was requested for reading.
2023-03-04 15:41:12,710 [DEBUG]  Loading the model from /tmp/tmpixro4yun/train_TEDPolicy3/ted_policy.tf_model with finetune_mode=False...
2023-03-04 15:41:19,924 [DEBUG]  Finished loading the model.
2023-03-04 15:41:19,924 [DEBUG]  Node 'rule_only_data_provider' loading 'RuleOnlyDataProvider.load' and kwargs: '{}'.
2023-03-04 15:41:19,924 [DEBUG]  Resource 'train_RulePolicy1' was requested for reading.
2023-03-04 15:41:19,924 [DEBUG]  Node 'select_prediction' loading 'DefaultPolicyPredictionEnsemble.load' and kwargs: '{}'.
2023-03-04 15:41:19,934 [INFO ]  Rasa server is up and running.
2023-03-04 15:41:19,935 [INFO ]  Enabling coroutine debugging. Loop id 94270943784128.
2023-03-05 22:51:02,660 [DEBUG]  Available web server routes: 
/conversations/<conversation_id:path>/messages     POST                           add_message
/conversations/<conversation_id:path>/tracker/events POST                           append_events
/webhooks/rasa                                     GET                            custom_webhook_RasaChatInput.health
/webhooks/rasa/webhook                             POST                           custom_webhook_RasaChatInput.receive
/webhooks/rest                                     GET                            custom_webhook_RestInput.health
/webhooks/rest/webhook                             POST                           custom_webhook_RestInput.receive
/model/test/intents                                POST                           evaluate_intents
/model/test/stories                                POST                           evaluate_stories
/conversations/<conversation_id:path>/execute      POST                           execute_action
/domain                                            GET                            get_domain
/                                                  GET                            hello
/model                                             PUT                            load_model
/model/parse                                       POST                           parse
/conversations/<conversation_id:path>/predict      POST                           predict
/conversations/<conversation_id:path>/tracker/events PUT                            replace_events
/conversations/<conversation_id:path>/story        GET                            retrieve_story
/conversations/<conversation_id:path>/tracker      GET                            retrieve_tracker
/status                                            GET                            status
/model/predict                                     POST                           tracker_predict
/model/train                                       POST                           train
/conversations/<conversation_id:path>/trigger_intent POST                           trigger_intent
/model                                             DELETE                         unload_model
/version                                           GET                            version
2023-03-05 22:51:02,660 [INFO ]  Starting Rasa server on http://0.0.0.0:5005
2023-03-05 22:51:02,661 [DEBUG]  Using the default number of Sanic workers (1).
2023-03-05 22:51:03,241 [DEBUG]  Starting new HTTPS connection (1): api.segment.io:443
2023-03-05 22:51:05,189 [DEBUG]  https://api.segment.io:443 "POST /v1/track HTTP/1.1" 200 21
2023-03-05 22:51:05,246 [DEBUG]  Connected to InMemoryTrackerStore.
2023-03-05 22:51:05,246 [DEBUG]  Connected to lock store 'InMemoryLockStore'.
2023-03-05 22:51:05,246 [DEBUG]  Instantiated NLG to 'TemplatedNaturalLanguageGenerator'.
2023-03-05 22:51:05,247 [INFO ]  Loading model models/20230303-115138-mute-copyright.tar.gz...
2023-03-05 22:51:05,714 [DEBUG]  Extracted model to '/tmp/tmp5ud00wbt'.
2023-03-05 22:51:05,716 [DEBUG]  Node 'nlu_message_converter' loading 'NLUMessageConverter.load' and kwargs: '{}'.
2023-03-05 22:51:05,717 [DEBUG]  Node 'run_WhitespaceTokenizer0' loading 'WhitespaceTokenizer.load' and kwargs: '{}'.
2023-03-05 22:51:05,719 [DEBUG]  Node 'run_RegexFeaturizer1' loading 'RegexFeaturizer.load' and kwargs: '{}'.
2023-03-05 22:51:05,720 [DEBUG]  Resource 'train_RegexFeaturizer1' was requested for reading.
2023-03-05 22:51:05,720 [DEBUG]  Node 'run_LexicalSyntacticFeaturizer2' loading 'LexicalSyntacticFeaturizer.load' and kwargs: '{}'.
2023-03-05 22:51:05,720 [DEBUG]  Resource 'train_LexicalSyntacticFeaturizer2' was requested for reading.
2023-03-05 22:51:05,728 [DEBUG]  Node 'run_CountVectorsFeaturizer3' loading 'CountVectorsFeaturizer.load' and kwargs: '{}'.
2023-03-05 22:51:05,728 [DEBUG]  Resource 'train_CountVectorsFeaturizer3' was requested for reading.
2023-03-05 22:51:05,730 [DEBUG]  Node 'run_CountVectorsFeaturizer4' loading 'CountVectorsFeaturizer.load' and kwargs: '{}'.
2023-03-05 22:51:05,730 [DEBUG]  Resource 'train_CountVectorsFeaturizer4' was requested for reading.
2023-03-05 22:51:05,739 [DEBUG]  Node 'run_DIETClassifier5' loading 'DIETClassifier.load' and kwargs: '{}'.
2023-03-05 22:51:05,739 [DEBUG]  Resource 'train_DIETClassifier5' was requested for reading.
2023-03-05 22:51:05,741 [DEBUG]  Loading the model from /tmp/tmph3kk7t_0/train_DIETClassifier5/DIETClassifier.tf_model with finetune_mode=False...
2023-03-05 22:51:05,770 [DEBUG]  You specified 'DIET' to train entities, but no entities are present in the training data. Skipping training of entities.
2023-03-05 22:51:05,793 [DEBUG]  Following metrics will be logged during training: 
2023-03-05 22:51:05,793 [DEBUG]    t_loss (total loss)
2023-03-05 22:51:05,793 [DEBUG]    i_acc (intent acc)
2023-03-05 22:51:05,793 [DEBUG]    i_loss (intent loss)
2023-03-05 22:51:13,169 [DEBUG]  Finished loading the model.
2023-03-05 22:51:13,169 [DEBUG]  Node 'run_EntitySynonymMapper6' loading 'EntitySynonymMapper.load' and kwargs: '{}'.
2023-03-05 22:51:13,169 [DEBUG]  Resource 'train_EntitySynonymMapper6' was requested for reading.
2023-03-05 22:51:13,169 [DEBUG]  Failed to load ABCMeta from model storage. Resource 'train_EntitySynonymMapper6' doesn't exist.
2023-03-05 22:51:13,170 [DEBUG]  Node 'run_ResponseSelector7' loading 'ResponseSelector.load' and kwargs: '{}'.
2023-03-05 22:51:13,170 [DEBUG]  Resource 'train_ResponseSelector7' was requested for reading.
2023-03-05 22:51:13,170 [DEBUG]  Failed to load ABCMeta from model storage. Resource 'train_ResponseSelector7' doesn't exist.
2023-03-05 22:51:13,170 [DEBUG]  Resource 'train_ResponseSelector7' was requested for reading.
2023-03-05 22:51:13,170 [DEBUG]  Failed to load ResponseSelector from model storage. Resource 'train_ResponseSelector7' doesn't exist.
2023-03-05 22:51:13,170 [DEBUG]  Node 'run_FallbackClassifier8' loading 'FallbackClassifier.load' and kwargs: '{}'.
2023-03-05 22:51:13,171 [DEBUG]  Node 'run_RegexMessageHandler' loading 'RegexMessageHandler.load' and kwargs: '{}'.
2023-03-05 22:51:13,171 [DEBUG]  Node 'domain_provider' loading 'DomainProvider.load' and kwargs: '{}'.
2023-03-05 22:51:13,171 [DEBUG]  Resource 'domain_provider' was requested for reading.
2023-03-05 22:51:13,237 [DEBUG]  Node 'run_MemoizationPolicy0' loading 'MemoizationPolicy.load' and kwargs: '{}'.
2023-03-05 22:51:13,237 [DEBUG]  Resource 'train_MemoizationPolicy0' was requested for reading.
2023-03-05 22:51:13,238 [DEBUG]  Node 'run_RulePolicy1' loading 'RulePolicy.load' and kwargs: '{}'.
2023-03-05 22:51:13,238 [DEBUG]  Resource 'train_RulePolicy1' was requested for reading.
2023-03-05 22:51:13,238 [DEBUG]  Node 'run_UnexpecTEDIntentPolicy2' loading 'UnexpecTEDIntentPolicy.load' and kwargs: '{}'.
2023-03-05 22:51:13,238 [DEBUG]  Resource 'train_UnexpecTEDIntentPolicy2' was requested for reading.
2023-03-05 22:51:13,240 [DEBUG]  Loading the model from /tmp/tmph3kk7t_0/train_UnexpecTEDIntentPolicy2/unexpected_intent_policy.tf_model with finetune_mode=False...
2023-03-05 22:51:20,043 [DEBUG]  Finished loading the model.
2023-03-05 22:51:20,044 [WARNI]  The UnexpecTED Intent Policy is currently experimental and might change or be removed in the future 🔬 Please share your feedback on it in the forum (https://forum.rasa.com) to help us make this feature ready for production.
2023-03-05 22:51:20,044 [DEBUG]  Node 'run_TEDPolicy3' loading 'TEDPolicy.load' and kwargs: '{}'.
2023-03-05 22:51:20,044 [DEBUG]  Resource 'train_TEDPolicy3' was requested for reading.
2023-03-05 22:51:20,045 [DEBUG]  Loading the model from /tmp/tmph3kk7t_0/train_TEDPolicy3/ted_policy.tf_model with finetune_mode=False...
2023-03-05 22:51:26,361 [DEBUG]  Finished loading the model.
2023-03-05 22:51:26,362 [DEBUG]  Node 'rule_only_data_provider' loading 'RuleOnlyDataProvider.load' and kwargs: '{}'.
2023-03-05 22:51:26,362 [DEBUG]  Resource 'train_RulePolicy1' was requested for reading.
2023-03-05 22:51:26,362 [DEBUG]  Node 'select_prediction' loading 'DefaultPolicyPredictionEnsemble.load' and kwargs: '{}'.
2023-03-05 22:51:26,368 [INFO ]  Rasa server is up and running.
2023-03-05 22:51:26,376 [INFO ]  Enabling coroutine debugging. Loop id 94187255919968.
2023-03-05 22:54:30,827 [DEBUG]  Available web server routes: 
/conversations/<conversation_id:path>/messages     POST                           add_message
/conversations/<conversation_id:path>/tracker/events POST                           append_events
/webhooks/rasa                                     GET                            custom_webhook_RasaChatInput.health
/webhooks/rasa/webhook                             POST                           custom_webhook_RasaChatInput.receive
/webhooks/rest                                     GET                            custom_webhook_RestInput.health
/webhooks/rest/webhook                             POST                           custom_webhook_RestInput.receive
/model/test/intents                                POST                           evaluate_intents
/model/test/stories                                POST                           evaluate_stories
/conversations/<conversation_id:path>/execute      POST                           execute_action
/domain                                            GET                            get_domain
/                                                  GET                            hello
/model                                             PUT                            load_model
/model/parse                                       POST                           parse
/conversations/<conversation_id:path>/predict      POST                           predict
/conversations/<conversation_id:path>/tracker/events PUT                            replace_events
/conversations/<conversation_id:path>/story        GET                            retrieve_story
/conversations/<conversation_id:path>/tracker      GET                            retrieve_tracker
/status                                            GET                            status
/model/predict                                     POST                           tracker_predict
/model/train                                       POST                           train
/conversations/<conversation_id:path>/trigger_intent POST                           trigger_intent
/model                                             DELETE                         unload_model
/version                                           GET                            version
2023-03-05 22:54:30,827 [INFO ]  Starting Rasa server on http://0.0.0.0:5005
2023-03-05 22:54:30,827 [DEBUG]  Using the default number of Sanic workers (1).
2023-03-05 22:54:31,346 [DEBUG]  Starting new HTTPS connection (1): api.segment.io:443
2023-03-05 22:54:32,953 [DEBUG]  https://api.segment.io:443 "POST /v1/track HTTP/1.1" 200 21
2023-03-05 22:54:32,992 [DEBUG]  Connected to InMemoryTrackerStore.
2023-03-05 22:54:32,992 [DEBUG]  Connected to lock store 'InMemoryLockStore'.
2023-03-05 22:54:32,992 [DEBUG]  Instantiated NLG to 'TemplatedNaturalLanguageGenerator'.
2023-03-05 22:54:32,993 [INFO ]  Loading model models/20230303-115138-mute-copyright.tar.gz...
2023-03-05 22:54:33,441 [DEBUG]  Extracted model to '/tmp/tmpqud9o8r5'.
2023-03-05 22:54:33,443 [DEBUG]  Node 'nlu_message_converter' loading 'NLUMessageConverter.load' and kwargs: '{}'.
2023-03-05 22:54:33,443 [DEBUG]  Node 'run_WhitespaceTokenizer0' loading 'WhitespaceTokenizer.load' and kwargs: '{}'.
2023-03-05 22:54:33,446 [DEBUG]  Node 'run_RegexFeaturizer1' loading 'RegexFeaturizer.load' and kwargs: '{}'.
2023-03-05 22:54:33,446 [DEBUG]  Resource 'train_RegexFeaturizer1' was requested for reading.
2023-03-05 22:54:33,447 [DEBUG]  Node 'run_LexicalSyntacticFeaturizer2' loading 'LexicalSyntacticFeaturizer.load' and kwargs: '{}'.
2023-03-05 22:54:33,447 [DEBUG]  Resource 'train_LexicalSyntacticFeaturizer2' was requested for reading.
2023-03-05 22:54:33,448 [DEBUG]  Node 'run_CountVectorsFeaturizer3' loading 'CountVectorsFeaturizer.load' and kwargs: '{}'.
2023-03-05 22:54:33,448 [DEBUG]  Resource 'train_CountVectorsFeaturizer3' was requested for reading.
2023-03-05 22:54:33,451 [DEBUG]  Node 'run_CountVectorsFeaturizer4' loading 'CountVectorsFeaturizer.load' and kwargs: '{}'.
2023-03-05 22:54:33,451 [DEBUG]  Resource 'train_CountVectorsFeaturizer4' was requested for reading.
2023-03-05 22:54:33,456 [DEBUG]  Node 'run_DIETClassifier5' loading 'DIETClassifier.load' and kwargs: '{}'.
2023-03-05 22:54:33,456 [DEBUG]  Resource 'train_DIETClassifier5' was requested for reading.
2023-03-05 22:54:33,457 [DEBUG]  Loading the model from /tmp/tmpvehnh6kq/train_DIETClassifier5/DIETClassifier.tf_model with finetune_mode=False...
2023-03-05 22:54:33,479 [DEBUG]  You specified 'DIET' to train entities, but no entities are present in the training data. Skipping training of entities.
2023-03-05 22:54:33,504 [DEBUG]  Following metrics will be logged during training: 
2023-03-05 22:54:33,504 [DEBUG]    t_loss (total loss)
2023-03-05 22:54:33,504 [DEBUG]    i_acc (intent acc)
2023-03-05 22:54:33,504 [DEBUG]    i_loss (intent loss)
2023-03-05 22:58:34,817 [INFO ]  Starting Rasa server on http://0.0.0.0:5005
2023-03-05 22:58:36,914 [INFO ]  Loading model models/20230303-115138-mute-copyright.tar.gz...
2023-03-05 22:58:53,044 [WARNI]  The UnexpecTED Intent Policy is currently experimental and might change or be removed in the future 🔬 Please share your feedback on it in the forum (https://forum.rasa.com) to help us make this feature ready for production.
2023-03-05 22:58:59,378 [INFO ]  Rasa server is up and running.
2023-03-05 23:01:30,267 [INFO ]  Starting Rasa server on http://0.0.0.0:5005
2023-03-05 23:01:32,217 [INFO ]  Loading model models/20230303-115138-mute-copyright.tar.gz...
2023-03-05 23:01:45,792 [WARNI]  The UnexpecTED Intent Policy is currently experimental and might change or be removed in the future 🔬 Please share your feedback on it in the forum (https://forum.rasa.com) to help us make this feature ready for production.
2023-03-05 23:01:51,520 [INFO ]  Rasa server is up and running.
